[DEBUG] 2021-02-08 20:38:29.730 [main] Gp2gpMessageHandlerApplication - This is a DEBUG message.
[INFO ] 2021-02-08 20:38:29.731 [main] Gp2gpMessageHandlerApplication - This is an INFO message.
[WARN ] 2021-02-08 20:38:29.731 [main] Gp2gpMessageHandlerApplication - This is a WARN message.
[ERROR] 2021-02-08 20:38:29.732 [main] Gp2gpMessageHandlerApplication - You guessed it, an ERROR message.
[INFO ] 2021-02-08 20:38:29.962 [main] Gp2gpMessageHandlerApplication - Starting Gp2gpMessageHandlerApplication using Java 14.0.2 on ip-192-168-0-25.eu-west-2.compute.internal with PID 48646 (/Users/edytawrobel/Code/work/nhs/prm-deductions-gp2gp-message-handler/build/classes/java/main started by edytawrobel in /Users/edytawrobel/Code/work/nhs/prm-deductions-gp2gp-message-handler)
[DEBUG] 2021-02-08 20:38:29.962 [main] Gp2gpMessageHandlerApplication - Running with Spring Boot v2.4.2, Spring v5.3.3
[INFO ] 2021-02-08 20:38:29.962 [main] Gp2gpMessageHandlerApplication - No active profile set, falling back to default profiles: default
[INFO ] 2021-02-08 20:38:30.522 [main] Gp2gpMessageHandlerApplication - Started Gp2gpMessageHandlerApplication in 0.753 seconds (JVM running for 1.485)
[DEBUG] 2021-02-08 20:40:21.554 [main] Gp2gpMessageHandlerApplication - This is a DEBUG message.
[INFO ] 2021-02-08 20:40:21.556 [main] Gp2gpMessageHandlerApplication - This is an INFO message.
[WARN ] 2021-02-08 20:40:21.556 [main] Gp2gpMessageHandlerApplication - This is a WARN message.
[ERROR] 2021-02-08 20:40:21.556 [main] Gp2gpMessageHandlerApplication - You guessed it, an ERROR message.
[INFO ] 2021-02-08 20:40:21.778 [main] Gp2gpMessageHandlerApplication - Starting Gp2gpMessageHandlerApplication using Java 14.0.2 on ip-192-168-0-25.eu-west-2.compute.internal with PID 48974 (/Users/edytawrobel/Code/work/nhs/prm-deductions-gp2gp-message-handler/build/classes/java/main started by edytawrobel in /Users/edytawrobel/Code/work/nhs/prm-deductions-gp2gp-message-handler)
[DEBUG] 2021-02-08 20:40:21.778 [main] Gp2gpMessageHandlerApplication - Running with Spring Boot v2.4.2, Spring v5.3.3
[INFO ] 2021-02-08 20:40:21.779 [main] Gp2gpMessageHandlerApplication - No active profile set, falling back to default profiles: default
[INFO ] 2021-02-08 20:40:22.365 [main] Gp2gpMessageHandlerApplication - Started Gp2gpMessageHandlerApplication in 0.773 seconds (JVM running for 1.47)
[WARN ] 2021-02-08 20:46:15.054 [main] Gp2gpMessageHandlerApplication - This is a WARN message.
[ERROR] 2021-02-08 20:46:15.056 [main] Gp2gpMessageHandlerApplication - You guessed it, an ERROR message.
[INFO ] 2021-02-08 20:47:18.935 [main] Gp2gpMessageHandlerApplication - This is an INFO message.
[WARN ] 2021-02-08 20:47:18.937 [main] Gp2gpMessageHandlerApplication - This is a WARN message.
[ERROR] 2021-02-08 20:47:18.937 [main] Gp2gpMessageHandlerApplication - You guessed it, an ERROR message.
[INFO ] 2021-02-08 20:47:19.130 [main] Gp2gpMessageHandlerApplication - Starting Gp2gpMessageHandlerApplication using Java 14.0.2 on ip-192-168-0-25.eu-west-2.compute.internal with PID 50215 (/Users/edytawrobel/Code/work/nhs/prm-deductions-gp2gp-message-handler/build/classes/java/main started by edytawrobel in /Users/edytawrobel/Code/work/nhs/prm-deductions-gp2gp-message-handler)
[INFO ] 2021-02-08 20:47:19.131 [main] Gp2gpMessageHandlerApplication - No active profile set, falling back to default profiles: default
[INFO ] 2021-02-08 20:47:19.676 [main] Gp2gpMessageHandlerApplication - Started Gp2gpMessageHandlerApplication in 0.703 seconds (JVM running for 1.294)
[WARN ] 2021-02-08 20:49:13.815 [main] Gp2gpMessageHandlerApplication - This is a WARN message.
[ERROR] 2021-02-08 20:49:13.816 [main] Gp2gpMessageHandlerApplication - You guessed it, an ERROR message.
[WARN ] 2021-02-08 20:49:32.984 [main] Gp2gpMessageHandlerApplication - This is a WARN message.
[ERROR] 2021-02-08 20:49:32.986 [main] Gp2gpMessageHandlerApplication - You guessed it, an ERROR message.
[WARN ] 2021-02-08 20:49:44.260 [main] Gp2gpMessageHandlerApplication - This is a WARN message.
[ERROR] 2021-02-08 20:49:44.261 [main] Gp2gpMessageHandlerApplication - You guessed it, an ERROR message.
[INFO ] 2021-02-08 20:49:52.374 [main] Gp2gpMessageHandlerApplication - This is an INFO message.
[WARN ] 2021-02-08 20:49:52.375 [main] Gp2gpMessageHandlerApplication - This is a WARN message.
[ERROR] 2021-02-08 20:49:52.375 [main] Gp2gpMessageHandlerApplication - You guessed it, an ERROR message.
[INFO ] 2021-02-08 20:49:52.563 [main] Gp2gpMessageHandlerApplication - Starting Gp2gpMessageHandlerApplication using Java 14.0.2 on ip-192-168-0-25.eu-west-2.compute.internal with PID 50675 (/Users/edytawrobel/Code/work/nhs/prm-deductions-gp2gp-message-handler/build/classes/java/main started by edytawrobel in /Users/edytawrobel/Code/work/nhs/prm-deductions-gp2gp-message-handler)
[INFO ] 2021-02-08 20:49:52.564 [main] Gp2gpMessageHandlerApplication - No active profile set, falling back to default profiles: default
[INFO ] 2021-02-08 20:49:53.121 [main] Gp2gpMessageHandlerApplication - Started Gp2gpMessageHandlerApplication in 0.707 seconds (JVM running for 1.283)
